<?xml version='1.0' encoding='UTF-8' ?>
<testsuite name="com.example.tinw.test.tests.ChatScreenTest" tests="1" failures="0" errors="0" skipped="0" time="28.301" timestamp="2023-03-02T12:04:31" hostname="localhost">
  <properties>
    <property name="device" value="Pixel_6_API_31(AVD) - 12" />
    <property name="flavor" value="" />
    <property name="project" value=":app" />
  </properties>
  <testcase name="checkScrollLongChat" classname="com.example.tinw.test.tests.ChatScreenTest" time="28.081" />
</testsuite>